---
  0 debug pnpm:package-json: 
    initial: 
      name: "@aeternity/aepp-sdk"
      version: "0.22.0-0.1.0-alpha.2"
      description: "SDK for the æternity blockchain"
      main: "dist/aepp-sdk.js"
      browser: "dist/aepp-sdk.browser.js"
      module: "es/index.js"
      bin: 
        aecli: "./bin/aecli.js"
      sideEffects: false
      scripts: 
        build: "webpack -p"
        build:dev: "webpack --mode=development"
        docs:docco: "docco -t tooling/docs/markdown.jst -c /dev/null bin/{**/*,*} && rm -f docs/null && rename .html .md docs/bin/*.html"
        docs:api: "node apidoc.js"
        test: "mocha --recursive --require @babel/register"
        test:watch: "mocha --recursive --require @babel/register --watch"
        test-jenkins: "mocha --recursive --require @babel/register --reporter mocha-junit-reporter"
        prepublishOnly: "npm run build && npm run docs:docco && npm run docs:api"
        postinstall: "postinstall-build --only-as-dependency dist"
      license: "ISC"
      keywords: 
        - "API"
        - "aeternity"
        - "blockchain"
        - "SDK"
        - "CLI"
      dependencies: 
        @babel/runtime: "^7.0.0-beta.46"
        @stamp/it: "^1.0.3"
        @stamp/required: "^1.0.1"
        aes-js: "^3.1.1"
        axios: "^0.18.0"
        blakejs: "^1.1.0"
        bs58check: "^2.1.1"
        cacache: "^11.2.0"
        esm: "^3.0.77"
        keccak: "^1.4.0"
        postinstall-build: "^5.0.1"
        ramda: "^0.25.0"
        recursive-rename: "^2.0.0"
        rlp: "^2.0.0"
        scrypt: "^6.0.3"
        serialize-javascript: "^1.5.0"
        sha.js: "^2.4.11"
        tweetnacl: "^1.0.0"
        url: "^0.11.0"
        uuid: "^3.3.2"
        websocket: "^1.0.25"
      repository: 
        type: "git"
        url: "git+https://github.com/aeternity/aepp-sdk-js.git"
      devDependencies: 
        @babel/cli: "^7.0.0-beta.46"
        @babel/core: "^7.0.0-beta.46"
        @babel/node: "^7.0.0-beta.46"
        @babel/plugin-proposal-export-default-from: "^7.0.0-beta.46"
        @babel/plugin-proposal-object-rest-spread: "^7.0.0-beta.40"
        @babel/plugin-transform-runtime: "^7.0.0-beta.46"
        @babel/preset-env: "^7.0.0-beta.39"
        @babel/register: "^7.0.0-beta.46"
        babel-core: "6"
        babel-loader: "^8.0.0-beta.2"
        babel-plugin-ramda: "^1.6.1"
        bufferutil: "^3.0.3"
        chai: "^4.1.2"
        chai-as-promised: "^7.1.1"
        commander: "^2.14.1"
        docco: "^0.8.0"
        esdoc: "^1.1.0"
        esdoc-standard-plugin: "^1.0.0"
        eslint-config-standard: "^11.0.0"
        eslint-config-standard-jsx: "^5.0.0"
        eslint-import-resolver-node: "^0.3.2"
        eslint-plugin-import: "^2.13.0"
        eslint-plugin-node: "^7.0.1"
        eslint-plugin-promise: "^3.8.0"
        eslint-plugin-react: "^7.10.0"
        eslint-plugin-standard: "^3.1.0"
        find-cache-dir: "^2.0.0"
        jsdoc-to-markdown: "^4.0.1"
        mocha: "^5.0.0"
        mocha-junit-reporter: "^1.17.0"
        prompt: "^1.0.0"
        safe-buffer: "^5.1.2"
        sinon: "^4.2.2"
        source-map: "^0.7.3"
        standard: "*"
        standard-loader: "^6.0.1"
        supports-color: "^5.4.0"
        uglify-es: "^3.3.9"
        webpack: "^4.20.1"
        webpack-cli: "^3.1.1"
        worker-farm: "^1.6.0"
      contributors: 
        - 
          name: "Till Kolter"
          email: "till.kolter@gmail.com"
        - 
          name: "Alexander Kahl"
          email: "ak@sodosopa.io"
      readme: "# aepp-sdk\n\n[![Build Status](https://ci.aepps.com/buildStatus/icon?job=aepp-sdk-js/develop)](https://ci.aepps.com/job/aepp-sdk-js/job/develop/)\n[![npm](https://img.shields.io/npm/v/@aeternity/aepp-sdk.svg)](https://www.npmjs.com/package/@aeternity/aepp-sdk)\n[![npm](https://img.shields.io/npm/l/@aeternity/aepp-sdk.svg)](https://www.npmjs.com/package/@aeternity/aepp-sdk)\n\nJavaScript SDK for the revolutionary [æternity] blockchain, targeting the\n[Epoch] implementation.\n\naepp-sdk is [hosted on GitHub].\n\n![Concept Drawing of aepp-sdk][concept]\n\n[concept]: concept.png \"Concept Drawing of aepp-sdk\"\n\n[æternity]: https://aeternity.com/\n[Epoch]: https://github.com/aeternity/epoch\n[hosted on GitHub]: https://github.com/aeternity/aepp-sdk-js\n\n#### Disclaimer\n\nThis SDK is at an alpha stage where things easily can break. We aim to make our\nalpha releases as stable as possible. Neverless it should not be taken as\nproduction-ready. To catch up with the more edgy state of development please\ncheck out the [develop branch].\n\n[develop branch]: https://github.com/aeternity/aepp-sdk-js/tree/develop\n\n## [Usage]\n\n1. Add the latest `@aeternity/aepp-sdk` release from npmjs.com to your project using one of these commands\n\n```\npnpm i @aeternity/aepp-sdk\n# or\nnpm i @aeternity/aepp-sdk\n# or\nyarn add @aeternity/aepp-sdk\n```\n\n**Note:** To install a _Pre-Release_ (latest `beta` or `alpha` version) using on the latest Epoch version, you have to install the package appending the `@next` tag reference.\n```\npnpm i @aeternity/aepp-sdk@next\nnpm i @aeternity/aepp-sdk@next\nyarn add @aeternity/aepp-sdk@next\n```\n\n> Hint: You can also add a development version from GitHub by dropping the `@` and\n> adding `#` and a branch name at the end, for example\n> `pnpm i aeternity/aepp-sdk#develop`.\n\n2. Import the right flavor\n\n```js\nimport Aepp from '@aeternity/aepp-sdk/es/ae/aepp'\n```\n\n3. Create an instance\n\n```js\nconst ae = Aepp()\n```\n\n4. Start interacting with the blockchain\n\n```js\nae.then(ae => ae.height()).then(h => console.log(h))\n```\n\n5. Go check out the [Usage] documentation!\n\n[Usage]: docs/usage.md\n\n## [Hacking]\n\nFor advanced use, development versions and to get a deeper understanding of the\nSDK, it is advised to read the [Hacking] documentation.\n\n[Hacking]: docs/hacking.md\n\n## [API]\n\n[API]: docs/api.md\n\n## [Change Log]\n\n[Change Log]: CHANGELOG.md\n\n## License\n\nISC License (ISC)\nCopyright © 2018 aeternity developers\n\nPermission to use, copy, modify, and/or distribute this software for any purpose\nwith or without fee is hereby granted, provided that the above copyright notice\nand this permission notice appear in all copies.\n\nTHE SOFTWARE IS PROVIDED \"AS IS\" AND THE AUTHOR DISCLAIMS ALL WARRANTIES WITH\nREGARD TO THIS SOFTWARE INCLUDING ALL IMPLIED WARRANTIES OF MERCHANTABILITY AND\nFITNESS. IN NO EVENT SHALL THE AUTHOR BE LIABLE FOR ANY SPECIAL, DIRECT,\nINDIRECT, OR CONSEQUENTIAL DAMAGES OR ANY DAMAGES WHATSOEVER RESULTING FROM LOSS\nOF USE, DATA OR PROFITS, WHETHER IN AN ACTION OF CONTRACT, NEGLIGENCE OR OTHER\nTORTIOUS ACTION, ARISING OUT OF OR IN CONNECTION WITH THE USE OR PERFORMANCE OF\nTHIS SOFTWARE.\n"
      readmeFilename: "README.md"
      gitHead: "a0989db4ac52571a8a7636136ca87807175c13cd"
      bugs: 
        url: "https://github.com/aeternity/aepp-sdk-js/issues"
      homepage: "https://github.com/aeternity/aepp-sdk-js#readme"
      _id: "@aeternity/aepp-sdk@0.22.0-0.1.0-alpha.2"
    prefix: "/home/nduchak/Project/aepp-sdk-js"
  1 debug pnpm:stage: "resolution_started"
  2 debug pnpm:progress: 
    pkg: 
      name: "scrypt"
      rawSpec: "scrypt"
    status: "installing"
  3 debug pnpm:progress: 
    status: "resolved"
    pkgId: "registry.npmjs.org/scrypt/6.0.3"
    pkg: 
      name: "scrypt"
      rawSpec: "scrypt"
  4 debug pnpm:progress: 
    pkgId: "registry.npmjs.org/scrypt/6.0.3"
    pkgVersion: "6.0.3"
    status: "downloaded_manifest"
  5 debug pnpm:progress: 
    pkgId: "registry.npmjs.org/scrypt/6.0.3"
    status: "resolving_content"
  6 debug pnpm:progress: 
    pkg: 
      dependentId: "registry.npmjs.org/scrypt/6.0.3"
      name: "nan"
      rawSpec: "nan@^2.0.8"
    status: "installing"
  7 debug pnpm:progress: 
    status: "resolved"
    pkgId: "registry.npmjs.org/nan/2.11.1"
    pkg: 
      dependentId: "registry.npmjs.org/scrypt/6.0.3"
      name: "nan"
      rawSpec: "nan@^2.0.8"
  8 debug pnpm:progress: 
    pkgId: "registry.npmjs.org/nan/2.11.1"
    pkgVersion: "2.11.1"
    status: "downloaded_manifest"
  9 debug pnpm:progress: 
    pkgId: "registry.npmjs.org/nan/2.11.1"
    status: "resolving_content"
  10 debug pnpm:stage: "resolution_done"
  11 debug pnpm:progress: 
    pkgId: "registry.npmjs.org/nan/2.11.1"
    status: "found_in_store"
  12 debug pnpm:progress: 
    pkgId: "registry.npmjs.org/scrypt/6.0.3"
    status: "found_in_store"
  13 debug pnpm:package-json: 
    prefix: "/home/nduchak/Project/aepp-sdk-js"
    updated: 
      name: "@aeternity/aepp-sdk"
      version: "0.22.0-0.1.0-alpha.2"
      description: "SDK for the æternity blockchain"
      main: "dist/aepp-sdk.js"
      browser: "dist/aepp-sdk.browser.js"
      module: "es/index.js"
      bin: 
        aecli: "./bin/aecli.js"
      sideEffects: false
      scripts: 
        build: "webpack -p"
        build:dev: "webpack --mode=development"
        docs:docco: "docco -t tooling/docs/markdown.jst -c /dev/null bin/{**/*,*} && rm -f docs/null && rename .html .md docs/bin/*.html"
        docs:api: "node apidoc.js"
        test: "mocha --recursive --require @babel/register"
        test:watch: "mocha --recursive --require @babel/register --watch"
        test-jenkins: "mocha --recursive --require @babel/register --reporter mocha-junit-reporter"
        prepublishOnly: "npm run build && npm run docs:docco && npm run docs:api"
        postinstall: "postinstall-build --only-as-dependency dist"
      license: "ISC"
      keywords: 
        - "API"
        - "aeternity"
        - "blockchain"
        - "SDK"
        - "CLI"
      dependencies: 
        @babel/runtime: "^7.0.0-beta.46"
        @stamp/it: "^1.0.3"
        @stamp/required: "^1.0.1"
        aes-js: "^3.1.1"
        axios: "^0.18.0"
        blakejs: "^1.1.0"
        bs58check: "^2.1.1"
        cacache: "^11.2.0"
        esm: "^3.0.77"
        keccak: "^1.4.0"
        postinstall-build: "^5.0.1"
        ramda: "^0.25.0"
        recursive-rename: "^2.0.0"
        rlp: "^2.0.0"
        scrypt: "^6.0.3"
        serialize-javascript: "^1.5.0"
        sha.js: "^2.4.11"
        tweetnacl: "^1.0.0"
        url: "^0.11.0"
        uuid: "^3.3.2"
        websocket: "^1.0.25"
      repository: 
        type: "git"
        url: "https://github.com/aeternity/aepp-sdk-js"
      devDependencies: 
        @babel/cli: "^7.0.0-beta.46"
        @babel/core: "^7.0.0-beta.46"
        @babel/node: "^7.0.0-beta.46"
        @babel/plugin-proposal-export-default-from: "^7.0.0-beta.46"
        @babel/plugin-proposal-object-rest-spread: "^7.0.0-beta.40"
        @babel/plugin-transform-runtime: "^7.0.0-beta.46"
        @babel/preset-env: "^7.0.0-beta.39"
        @babel/register: "^7.0.0-beta.46"
        babel-core: "6"
        babel-loader: "^8.0.0-beta.2"
        babel-plugin-ramda: "^1.6.1"
        bufferutil: "^3.0.3"
        chai: "^4.1.2"
        chai-as-promised: "^7.1.1"
        commander: "^2.14.1"
        docco: "^0.8.0"
        esdoc: "^1.1.0"
        esdoc-standard-plugin: "^1.0.0"
        eslint-config-standard: "^11.0.0"
        eslint-config-standard-jsx: "^5.0.0"
        eslint-import-resolver-node: "^0.3.2"
        eslint-plugin-import: "^2.13.0"
        eslint-plugin-node: "^7.0.1"
        eslint-plugin-promise: "^3.8.0"
        eslint-plugin-react: "^7.10.0"
        eslint-plugin-standard: "^3.1.0"
        find-cache-dir: "^2.0.0"
        jsdoc-to-markdown: "^4.0.1"
        mocha: "^5.0.0"
        mocha-junit-reporter: "^1.17.0"
        prompt: "^1.0.0"
        safe-buffer: "^5.1.2"
        sinon: "^4.2.2"
        source-map: "^0.7.3"
        standard: "*"
        standard-loader: "^6.0.1"
        supports-color: "^5.4.0"
        uglify-es: "^3.3.9"
        webpack: "^4.20.1"
        webpack-cli: "^3.1.1"
        worker-farm: "^1.6.0"
  14 debug pnpm:stats: 
    prefix: "/home/nduchak/Project/aepp-sdk-js"
    removed: 0
  15 debug pnpm:stage: "importing_started"
  16 debug pnpm:stats: 
    added: 2
    prefix: "/home/nduchak/Project/aepp-sdk-js"
  17 debug pnpm:link: 
    target: "/home/nduchak/Project/aepp-sdk-js/node_modules/.registry.npmjs.org/nan/2.11.1/node_modules/nan"
    link: "/home/nduchak/Project/aepp-sdk-js/node_modules/.registry.npmjs.org/scrypt/6.0.3/node_modules/nan"
  18 debug pnpm:stage: "importing_done"
  19 debug pnpm:link: 
    target: "/home/nduchak/Project/aepp-sdk-js/node_modules/.registry.npmjs.org/scrypt/6.0.3/node_modules/scrypt"
    link: "/home/nduchak/Project/aepp-sdk-js/node_modules/scrypt"
  20 error pnpm: 
    message: 
      errno: -22
      code: "EINVAL"
      syscall: "readlink"
      path: "/home/nduchak/Project/aepp-sdk-js/node_modules/scrypt"
    err: 
      name: "Error"
      message: "EINVAL: invalid argument, readlink '/home/nduchak/Project/aepp-sdk-js/node_modules/scrypt'"
      code: "EINVAL"
      stack: "Error: EINVAL: invalid argument, readlink '/home/nduchak/Project/aepp-sdk-js/node_modules/scrypt'"
